/home/isha/repos/autonomy-diagnostic-dashboard/vac_robot/install/vac_robot/lib/python3.10/site-packages/vac_robot/imu.py
/home/isha/repos/autonomy-diagnostic-dashboard/vac_robot/install/vac_robot/lib/python3.10/site-packages/vac_robot/system_monitor.py
/home/isha/repos/autonomy-diagnostic-dashboard/vac_robot/install/vac_robot/lib/python3.10/site-packages/vac_robot/__init__.py
/home/isha/repos/autonomy-diagnostic-dashboard/vac_robot/install/vac_robot/lib/python3.10/site-packages/vac_robot/lidar.py
/home/isha/repos/autonomy-diagnostic-dashboard/vac_robot/install/vac_robot/lib/python3.10/site-packages/vac_robot/main.py
/home/isha/repos/autonomy-diagnostic-dashboard/vac_robot/install/vac_robot/lib/python3.10/site-packages/vac_robot/__pycache__/imu.cpython-310.pyc
/home/isha/repos/autonomy-diagnostic-dashboard/vac_robot/install/vac_robot/lib/python3.10/site-packages/vac_robot/__pycache__/system_monitor.cpython-310.pyc
/home/isha/repos/autonomy-diagnostic-dashboard/vac_robot/install/vac_robot/lib/python3.10/site-packages/vac_robot/__pycache__/__init__.cpython-310.pyc
/home/isha/repos/autonomy-diagnostic-dashboard/vac_robot/install/vac_robot/lib/python3.10/site-packages/vac_robot/__pycache__/lidar.cpython-310.pyc
/home/isha/repos/autonomy-diagnostic-dashboard/vac_robot/install/vac_robot/lib/python3.10/site-packages/vac_robot/__pycache__/main.cpython-310.pyc
/home/isha/repos/autonomy-diagnostic-dashboard/vac_robot/install/vac_robot/share/ament_index/resource_index/packages/vac_robot
/home/isha/repos/autonomy-diagnostic-dashboard/vac_robot/install/vac_robot/share/vac_robot/package.xml
/home/isha/repos/autonomy-diagnostic-dashboard/vac_robot/install/vac_robot/lib/python3.10/site-packages/vac_robot-0.0.0-py3.10.egg-info/entry_points.txt
/home/isha/repos/autonomy-diagnostic-dashboard/vac_robot/install/vac_robot/lib/python3.10/site-packages/vac_robot-0.0.0-py3.10.egg-info/zip-safe
/home/isha/repos/autonomy-diagnostic-dashboard/vac_robot/install/vac_robot/lib/python3.10/site-packages/vac_robot-0.0.0-py3.10.egg-info/PKG-INFO
/home/isha/repos/autonomy-diagnostic-dashboard/vac_robot/install/vac_robot/lib/python3.10/site-packages/vac_robot-0.0.0-py3.10.egg-info/SOURCES.txt
/home/isha/repos/autonomy-diagnostic-dashboard/vac_robot/install/vac_robot/lib/python3.10/site-packages/vac_robot-0.0.0-py3.10.egg-info/requires.txt
/home/isha/repos/autonomy-diagnostic-dashboard/vac_robot/install/vac_robot/lib/python3.10/site-packages/vac_robot-0.0.0-py3.10.egg-info/top_level.txt
/home/isha/repos/autonomy-diagnostic-dashboard/vac_robot/install/vac_robot/lib/python3.10/site-packages/vac_robot-0.0.0-py3.10.egg-info/dependency_links.txt
/home/isha/repos/autonomy-diagnostic-dashboard/vac_robot/install/vac_robot/lib/vac_robot/sensor_publisher
